<?xml version="1.0" encoding="UTF-8"?>
<testsuite xmlns:xsi="http://www.w3.org/2001/XMLSchema-instance" xsi:noNamespaceSchemaLocation="https://maven.apache.org/surefire/maven-surefire-plugin/xsd/surefire-test-report.xsd" name="br.com.zup.cortana.client.controller.ControlerGastosTest" time="5.582" tests="2" errors="0" skipped="0" failures="0">
  <properties>
[...]
</properties>
  <testcase name="postGastosResultSuccessTest" classname="br.com.zup.cortana.client.controller.ControlerGastosTest" time="3.165"/>
  <testcase name="postGastosResultIOExceptionTest" classname="br.com.zup.cortana.client.controller.ControlerGastosTest" time="0.236"/>
</testsuite>